Determining if the pthread_create exist failed with the following output:
Change Dir: /home/kang/dev/rt3000/build/CMakeFiles/CMakeTmp

Run Build Command:"/usr/bin/make" "cmTC_65f66/fast"
/usr/bin/make -f CMakeFiles/cmTC_65f66.dir/build.make CMakeFiles/cmTC_65f66.dir/build
make[1]: Entering directory '/home/kang/dev/rt3000/build/CMakeFiles/CMakeTmp'
Building C object CMakeFiles/cmTC_65f66.dir/CheckSymbolExists.c.o
/usr/bin/cc     -o CMakeFiles/cmTC_65f66.dir/CheckSymbolExists.c.o   -c /home/kang/dev/rt3000/build/CMakeFiles/CMakeTmp/CheckSymbolExists.c
Linking C executable cmTC_65f66
/usr/bin/cmake -E cmake_link_script CMakeFiles/cmTC_65f66.dir/link.txt --verbose=1
/usr/bin/cc       CMakeFiles/cmTC_65f66.dir/CheckSymbolExists.c.o  -o cmTC_65f66 -rdynamic 
CMakeFiles/cmTC_65f66.dir/CheckSymbolExists.c.o: In function `main':
CheckSymbolExists.c:(.text+0x16): undefined reference to `pthread_create'
collect2: error: ld returned 1 exit status
CMakeFiles/cmTC_65f66.dir/build.make:97: recipe for target 'cmTC_65f66' failed
make[1]: *** [cmTC_65f66] Error 1
make[1]: Leaving directory '/home/kang/dev/rt3000/build/CMakeFiles/CMakeTmp'
Makefile:126: recipe for target 'cmTC_65f66/fast' failed
make: *** [cmTC_65f66/fast] Error 2

File /home/kang/dev/rt3000/build/CMakeFiles/CMakeTmp/CheckSymbolExists.c:
/* */
#include <pthread.h>

int main(int argc, char** argv)
{
  (void)argv;
#ifndef pthread_create
  return ((int*)(&pthread_create))[argc];
#else
  (void)argc;
  return 0;
#endif
}

Determining if the function pthread_create exists in the pthreads failed with the following output:
Change Dir: /home/kang/dev/rt3000/build/CMakeFiles/CMakeTmp

Run Build Command:"/usr/bin/make" "cmTC_1ca65/fast"
/usr/bin/make -f CMakeFiles/cmTC_1ca65.dir/build.make CMakeFiles/cmTC_1ca65.dir/build
make[1]: Entering directory '/home/kang/dev/rt3000/build/CMakeFiles/CMakeTmp'
Building C object CMakeFiles/cmTC_1ca65.dir/CheckFunctionExists.c.o
/usr/bin/cc    -DCHECK_FUNCTION_EXISTS=pthread_create   -o CMakeFiles/cmTC_1ca65.dir/CheckFunctionExists.c.o   -c /usr/share/cmake-3.5/Modules/CheckFunctionExists.c
Linking C executable cmTC_1ca65
/usr/bin/cmake -E cmake_link_script CMakeFiles/cmTC_1ca65.dir/link.txt --verbose=1
/usr/bin/cc   -DCHECK_FUNCTION_EXISTS=pthread_create    CMakeFiles/cmTC_1ca65.dir/CheckFunctionExists.c.o  -o cmTC_1ca65 -rdynamic -lpthreads 
/usr/bin/ld: cannot find -lpthreads
collect2: error: ld returned 1 exit status
CMakeFiles/cmTC_1ca65.dir/build.make:97: recipe for target 'cmTC_1ca65' failed
make[1]: *** [cmTC_1ca65] Error 1
make[1]: Leaving directory '/home/kang/dev/rt3000/build/CMakeFiles/CMakeTmp'
Makefile:126: recipe for target 'cmTC_1ca65/fast' failed
make: *** [cmTC_1ca65/fast] Error 2


